# JRE version: OpenJDK Runtime Environment (11.0.8+10) (build 11.0.8+10-post-Ubuntu-0ubuntu118.04.1)
# Java VM: OpenJDK 64-Bit Server VM (11.0.8+10-post-Ubuntu-0ubuntu118.04.1, mixed mode, sharing, tiered, compressed oops, serial gc, linux-amd64)
Heap:
 def new generation   total 2432K, used 1052K [0x00000000f8000000, 0x00000000f82a0000, 0x00000000faaa0000)
  eden space 2176K,  46% used [0x00000000f8000000, 0x00000000f80fc718, 0x00000000f8220000)
  from space 256K,  16% used [0x00000000f8260000, 0x00000000f826abf8, 0x00000000f82a0000)
  to   space 256K,   0% used [0x00000000f8220000, 0x00000000f8220000, 0x00000000f8260000)
 tenured generation   total 5504K, used 5091K [0x00000000faaa0000, 0x00000000fb000000, 0x0000000100000000)
   the space 5504K,  92% used [0x00000000faaa0000, 0x00000000faf98de0, 0x00000000faf98e00, 0x00000000fb000000)
 Metaspace       used 9047K, capacity 9419K, committed 9600K, reserved 1058816K
  class space    used 908K, capacity 1092K, committed 1152K, reserved 1048576K
GC Heap History (20 events):
Event: 131.725 GC heap before
{Heap before GC invocations=9 (full 0):
 def new generation   total 2432K, used 2198K [0x00000000f8000000, 0x00000000f82a0000, 0x00000000faaa0000)
  eden space 2176K,  99% used [0x00000000f8000000, 0x00000000f821ffe8, 0x00000000f8220000)
  from space 256K,   8% used [0x00000000f8260000, 0x00000000f8265920, 0x00000000f82a0000)
  to   space 256K,   0% used [0x00000000f8220000, 0x00000000f8220000, 0x00000000f8260000)
 tenured generation   total 5504K, used 5091K [0x00000000faaa0000, 0x00000000fb000000, 0x0000000100000000)
   the space 5504K,  92% used [0x00000000faaa0000, 0x00000000faf98de0, 0x00000000faf98e00, 0x00000000fb000000)
 Metaspace       used 9043K, capacity 9419K, committed 9600K, reserved 1058816K
  class space    used 907K, capacity 1092K, committed 1152K, reserved 1048576K
}
Event: 131.726 GC heap after
{Heap after GC invocations=10 (full 0):
 def new generation   total 2432K, used 38K [0x00000000f8000000, 0x00000000f82a0000, 0x00000000faaa0000)
  eden space 2176K,   0% used [0x00000000f8000000, 0x00000000f8000000, 0x00000000f8220000)
  from space 256K,  15% used [0x00000000f8220000, 0x00000000f8229bb8, 0x00000000f8260000)
  to   space 256K,   0% used [0x00000000f8260000, 0x00000000f8260000, 0x00000000f82a0000)
 tenured generation   total 5504K, used 5091K [0x00000000faaa0000, 0x00000000fb000000, 0x0000000100000000)
   the space 5504K,  92% used [0x00000000faaa0000, 0x00000000faf98de0, 0x00000000faf98e00, 0x00000000fb000000)
 Metaspace       used 9043K, capacity 9419K, committed 9600K, reserved 1058816K
  class space    used 907K, capacity 1092K, committed 1152K, reserved 1048576K
}
Event: 163.416 GC heap before
{Heap before GC invocations=10 (full 0):
 def new generation   total 2432K, used 2214K [0x00000000f8000000, 0x00000000f82a0000, 0x00000000faaa0000)
  eden space 2176K, 100% used [0x00000000f8000000, 0x00000000f8220000, 0x00000000f8220000)
  from space 256K,  15% used [0x00000000f8220000, 0x00000000f8229bb8, 0x00000000f8260000)
  to   space 256K,   0% used [0x00000000f8260000, 0x00000000f8260000, 0x00000000f82a0000)
 tenured generation   total 5504K, used 5091K [0x00000000faaa0000, 0x00000000fb000000, 0x0000000100000000)
   the space 5504K,  92% used [0x00000000faaa0000, 0x00000000faf98de0, 0x00000000faf98e00, 0x00000000fb000000)
 Metaspace       used 9043K, capacity 9419K, committed 9600K, reserved 1058816K
  class space    used 907K, capacity 1092K, committed 1152K, reserved 1048576K
}
Event: 163.426 GC heap after
{Heap after GC invocations=11 (full 0):
 def new generation   total 2432K, used 40K [0x00000000f8000000, 0x00000000f82a0000, 0x00000000faaa0000)
  eden space 2176K,   0% used [0x00000000f8000000, 0x00000000f8000000, 0x00000000f8220000)
  from space 256K,  15% used [0x00000000f8260000, 0x00000000f826a358, 0x00000000f82a0000)
  to   space 256K,   0% used [0x00000000f8220000, 0x00000000f8220000, 0x00000000f8260000)
 tenured generation   total 5504K, used 5091K [0x00000000faaa0000, 0x00000000fb000000, 0x0000000100000000)
   the space 5504K,  92% used [0x00000000faaa0000, 0x00000000faf98de0, 0x00000000faf98e00, 0x00000000fb000000)
 Metaspace       used 9043K, capacity 9419K, committed 9600K, reserved 1058816K
  class space    used 907K, capacity 1092K, committed 1152K, reserved 1048576K
}
Event: 197.634 GC heap before
{Heap before GC invocations=11 (full 0):
 def new generation   total 2432K, used 2216K [0x00000000f8000000, 0x00000000f82a0000, 0x00000000faaa0000)
  eden space 2176K, 100% used [0x00000000f8000000, 0x00000000f8220000, 0x00000000f8220000)
  from space 256K,  15% used [0x00000000f8260000, 0x00000000f826a358, 0x00000000f82a0000)
  to   space 256K,   0% used [0x00000000f8220000, 0x00000000f8220000, 0x00000000f8260000)
 tenured generation   total 5504K, used 5091K [0x00000000faaa0000, 0x00000000fb000000, 0x0000000100000000)
   the space 5504K,  92% used [0x00000000faaa0000, 0x00000000faf98de0, 0x00000000faf98e00, 0x00000000fb000000)
 Metaspace       used 9044K, capacity 9419K, committed 9600K, reserved 1058816K
  class space    used 907K, capacity 1092K, committed 1152K, reserved 1048576K
}
Event: 197.635 GC heap after
{Heap after GC invocations=12 (full 0):
 def new generation   total 2432K, used 40K [0x00000000f8000000, 0x00000000f82a0000, 0x00000000faaa0000)
  eden space 2176K,   0% used [0x00000000f8000000, 0x00000000f8000000, 0x00000000f8220000)
  from space 256K,  15% used [0x00000000f8220000, 0x00000000f822a358, 0x00000000f8260000)
  to   space 256K,   0% used [0x00000000f8260000, 0x00000000f8260000, 0x00000000f82a0000)
 tenured generation   total 5504K, used 5091K [0x00000000faaa0000, 0x00000000fb000000, 0x0000000100000000)
   the space 5504K,  92% used [0x00000000faaa0000, 0x00000000faf98de0, 0x00000000faf98e00, 0x00000000fb000000)
 Metaspace       used 9044K, capacity 9419K, committed 9600K, reserved 1058816K
  class space    used 907K, capacity 1092K, committed 1152K, reserved 1048576K
}
Event: 230.222 GC heap before
{Heap before GC invocations=12 (full 0):
 def new generation   total 2432K, used 2216K [0x00000000f8000000, 0x00000000f82a0000, 0x00000000faaa0000)
  eden space 2176K, 100% used [0x00000000f8000000, 0x00000000f8220000, 0x00000000f8220000)
  from space 256K,  15% used [0x00000000f8220000, 0x00000000f822a358, 0x00000000f8260000)
  to   space 256K,   0% used [0x00000000f8260000, 0x00000000f8260000, 0x00000000f82a0000)
 tenured generation   total 5504K, used 5091K [0x00000000faaa0000, 0x00000000fb000000, 0x0000000100000000)
   the space 5504K,  92% used [0x00000000faaa0000, 0x00000000faf98de0, 0x00000000faf98e00, 0x00000000fb000000)
 Metaspace       used 9044K, capacity 9419K, committed 9600K, reserved 1058816K
  class space    used 907K, capacity 1092K, committed 1152K, reserved 1048576K
}
Event: 230.224 GC heap after
{Heap after GC invocations=13 (full 0):
 def new generation   total 2432K, used 41K [0x00000000f8000000, 0x00000000f82a0000, 0x00000000faaa0000)
  eden space 2176K,   0% used [0x00000000f8000000, 0x00000000f8000000, 0x00000000f8220000)
  from space 256K,  16% used [0x00000000f8260000, 0x00000000f826a560, 0x00000000f82a0000)
  to   space 256K,   0% used [0x00000000f8220000, 0x00000000f8220000, 0x00000000f8260000)
 tenured generation   total 5504K, used 5091K [0x00000000faaa0000, 0x00000000fb000000, 0x0000000100000000)
   the space 5504K,  92% used [0x00000000faaa0000, 0x00000000faf98de0, 0x00000000faf98e00, 0x00000000fb000000)
 Metaspace       used 9044K, capacity 9419K, committed 9600K, reserved 1058816K
  class space    used 907K, capacity 1092K, committed 1152K, reserved 1048576K
}
Event: 262.941 GC heap before
{Heap before GC invocations=13 (full 0):
 def new generation   total 2432K, used 2217K [0x00000000f8000000, 0x00000000f82a0000, 0x00000000faaa0000)
  eden space 2176K, 100% used [0x00000000f8000000, 0x00000000f8220000, 0x00000000f8220000)
  from space 256K,  16% used [0x00000000f8260000, 0x00000000f826a560, 0x00000000f82a0000)
  to   space 256K,   0% used [0x00000000f8220000, 0x00000000f8220000, 0x00000000f8260000)
 tenured generation   total 5504K, used 5091K [0x00000000faaa0000, 0x00000000fb000000, 0x0000000100000000)
   the space 5504K,  92% used [0x00000000faaa0000, 0x00000000faf98de0, 0x00000000faf98e00, 0x00000000fb000000)
 Metaspace       used 9044K, capacity 9419K, committed 9600K, reserved 1058816K
  class space    used 907K, capacity 1092K, committed 1152K, reserved 1048576K
}
Event: 262.946 GC heap after
{Heap after GC invocations=14 (full 0):
 def new generation   total 2432K, used 41K [0x00000000f8000000, 0x00000000f82a0000, 0x00000000faaa0000)
  eden space 2176K,   0% used [0x00000000f8000000, 0x00000000f8000000, 0x00000000f8220000)
  from space 256K,  16% used [0x00000000f8220000, 0x00000000f822a720, 0x00000000f8260000)
  to   space 256K,   0% used [0x00000000f8260000, 0x00000000f8260000, 0x00000000f82a0000)
 tenured generation   total 5504K, used 5091K [0x00000000faaa0000, 0x00000000fb000000, 0x0000000100000000)
   the space 5504K,  92% used [0x00000000faaa0000, 0x00000000faf98de0, 0x00000000faf98e00, 0x00000000fb000000)
 Metaspace       used 9044K, capacity 9419K, committed 9600K, reserved 1058816K
  class space    used 907K, capacity 1092K, committed 1152K, reserved 1048576K
}
Event: 295.698 GC heap before
{Heap before GC invocations=14 (full 0):
 def new generation   total 2432K, used 2217K [0x00000000f8000000, 0x00000000f82a0000, 0x00000000faaa0000)
  eden space 2176K,  99% used [0x00000000f8000000, 0x00000000f821fff8, 0x00000000f8220000)
  from space 256K,  16% used [0x00000000f8220000, 0x00000000f822a720, 0x00000000f8260000)
  to   space 256K,   0% used [0x00000000f8260000, 0x00000000f8260000, 0x00000000f82a0000)
 tenured generation   total 5504K, used 5091K [0x00000000faaa0000, 0x00000000fb000000, 0x0000000100000000)
   the space 5504K,  92% used [0x00000000faaa0000, 0x00000000faf98de0, 0x00000000faf98e00, 0x00000000fb000000)
 Metaspace       used 9044K, capacity 9419K, committed 9600K, reserved 1058816K
  class space    used 907K, capacity 1092K, committed 1152K, reserved 1048576K
}
Event: 295.699 GC heap after
{Heap after GC invocations=15 (full 0):
 def new generation   total 2432K, used 42K [0x00000000f8000000, 0x00000000f82a0000, 0x00000000faaa0000)
  eden space 2176K,   0% used [0x00000000f8000000, 0x00000000f8000000, 0x00000000f8220000)
  from space 256K,  16% used [0x00000000f8260000, 0x00000000f826ab90, 0x00000000f82a0000)
  to   space 256K,   0% used [0x00000000f8220000, 0x00000000f8220000, 0x00000000f8260000)
 tenured generation   total 5504K, used 5091K [0x00000000faaa0000, 0x00000000fb000000, 0x0000000100000000)
   the space 5504K,  92% used [0x00000000faaa0000, 0x00000000faf98de0, 0x00000000faf98e00, 0x00000000fb000000)
 Metaspace       used 9044K, capacity 9419K, committed 9600K, reserved 1058816K
  class space    used 907K, capacity 1092K, committed 1152K, reserved 1048576K
}
Event: 328.218 GC heap before
{Heap before GC invocations=15 (full 0):
 def new generation   total 2432K, used 2218K [0x00000000f8000000, 0x00000000f82a0000, 0x00000000faaa0000)
  eden space 2176K, 100% used [0x00000000f8000000, 0x00000000f8220000, 0x00000000f8220000)
  from space 256K,  16% used [0x00000000f8260000, 0x00000000f826ab90, 0x00000000f82a0000)
  to   space 256K,   0% used [0x00000000f8220000, 0x00000000f8220000, 0x00000000f8260000)
 tenured generation   total 5504K, used 5091K [0x00000000faaa0000, 0x00000000fb000000, 0x0000000100000000)
   the space 5504K,  92% used [0x00000000faaa0000, 0x00000000faf98de0, 0x00000000faf98e00, 0x00000000fb000000)
 Metaspace       used 9044K, capacity 9419K, committed 9600K, reserved 1058816K
  class space    used 907K, capacity 1092K, committed 1152K, reserved 1048576K
}
Event: 328.219 GC heap after
{Heap after GC invocations=16 (full 0):
 def new generation   total 2432K, used 43K [0x00000000f8000000, 0x00000000f82a0000, 0x00000000faaa0000)
  eden space 2176K,   0% used [0x00000000f8000000, 0x00000000f8000000, 0x00000000f8220000)
  from space 256K,  16% used [0x00000000f8220000, 0x00000000f822acf0, 0x00000000f8260000)
  to   space 256K,   0% used [0x00000000f8260000, 0x00000000f8260000, 0x00000000f82a0000)
 tenured generation   total 5504K, used 5091K [0x00000000faaa0000, 0x00000000fb000000, 0x0000000100000000)
   the space 5504K,  92% used [0x00000000faaa0000, 0x00000000faf98de0, 0x00000000faf98e00, 0x00000000fb000000)
 Metaspace       used 9044K, capacity 9419K, committed 9600K, reserved 1058816K
  class space    used 907K, capacity 1092K, committed 1152K, reserved 1048576K
}
Event: 360.712 GC heap before
{Heap before GC invocations=16 (full 0):
 def new generation   total 2432K, used 2219K [0x00000000f8000000, 0x00000000f82a0000, 0x00000000faaa0000)
  eden space 2176K, 100% used [0x00000000f8000000, 0x00000000f8220000, 0x00000000f8220000)
  from space 256K,  16% used [0x00000000f8220000, 0x00000000f822acf0, 0x00000000f8260000)
  to   space 256K,   0% used [0x00000000f8260000, 0x00000000f8260000, 0x00000000f82a0000)
 tenured generation   total 5504K, used 5091K [0x00000000faaa0000, 0x00000000fb000000, 0x0000000100000000)
   the space 5504K,  92% used [0x00000000faaa0000, 0x00000000faf98de0, 0x00000000faf98e00, 0x00000000fb000000)
 Metaspace       used 9044K, capacity 9419K, committed 9600K, reserved 1058816K
  class space    used 907K, capacity 1092K, committed 1152K, reserved 1048576K
}
Event: 360.713 GC heap after
{Heap after GC invocations=17 (full 0):
 def new generation   total 2432K, used 42K [0x00000000f8000000, 0x00000000f82a0000, 0x00000000faaa0000)
  eden space 2176K,   0% used [0x00000000f8000000, 0x00000000f8000000, 0x00000000f8220000)
  from space 256K,  16% used [0x00000000f8260000, 0x00000000f826abf8, 0x00000000f82a0000)
  to   space 256K,   0% used [0x00000000f8220000, 0x00000000f8220000, 0x00000000f8260000)
 tenured generation   total 5504K, used 5091K [0x00000000faaa0000, 0x00000000fb000000, 0x0000000100000000)
   the space 5504K,  92% used [0x00000000faaa0000, 0x00000000faf98de0, 0x00000000faf98e00, 0x00000000fb000000)
 Metaspace       used 9044K, capacity 9419K, committed 9600K, reserved 1058816K
  class space    used 907K, capacity 1092K, committed 1152K, reserved 1048576K
}
Event: 393.091 GC heap before
{Heap before GC invocations=17 (full 0):
 def new generation   total 2432K, used 2218K [0x00000000f8000000, 0x00000000f82a0000, 0x00000000faaa0000)
  eden space 2176K, 100% used [0x00000000f8000000, 0x00000000f8220000, 0x00000000f8220000)
  from space 256K,  16% used [0x00000000f8260000, 0x00000000f826abf8, 0x00000000f82a0000)
  to   space 256K,   0% used [0x00000000f8220000, 0x00000000f8220000, 0x00000000f8260000)
 tenured generation   total 5504K, used 5091K [0x00000000faaa0000, 0x00000000fb000000, 0x0000000100000000)
   the space 5504K,  92% used [0x00000000faaa0000, 0x00000000faf98de0, 0x00000000faf98e00, 0x00000000fb000000)
 Metaspace       used 9044K, capacity 9419K, committed 9600K, reserved 1058816K
  class space    used 907K, capacity 1092K, committed 1152K, reserved 1048576K
}
Event: 393.092 GC heap after
{Heap after GC invocations=18 (full 0):
 def new generation   total 2432K, used 42K [0x00000000f8000000, 0x00000000f82a0000, 0x00000000faaa0000)
  eden space 2176K,   0% used [0x00000000f8000000, 0x00000000f8000000, 0x00000000f8220000)
  from space 256K,  16% used [0x00000000f8220000, 0x00000000f822abf8, 0x00000000f8260000)
  to   space 256K,   0% used [0x00000000f8260000, 0x00000000f8260000, 0x00000000f82a0000)
 tenured generation   total 5504K, used 5091K [0x00000000faaa0000, 0x00000000fb000000, 0x0000000100000000)
   the space 5504K,  92% used [0x00000000faaa0000, 0x00000000faf98de0, 0x00000000faf98e00, 0x00000000fb000000)
 Metaspace       used 9044K, capacity 9419K, committed 9600K, reserved 1058816K
  class space    used 907K, capacity 1092K, committed 1152K, reserved 1048576K
}
Event: 425.589 GC heap before
{Heap before GC invocations=18 (full 0):
 def new generation   total 2432K, used 2218K [0x00000000f8000000, 0x00000000f82a0000, 0x00000000faaa0000)
  eden space 2176K, 100% used [0x00000000f8000000, 0x00000000f8220000, 0x00000000f8220000)
  from space 256K,  16% used [0x00000000f8220000, 0x00000000f822abf8, 0x00000000f8260000)
  to   space 256K,   0% used [0x00000000f8260000, 0x00000000f8260000, 0x00000000f82a0000)
 tenured generation   total 5504K, used 5091K [0x00000000faaa0000, 0x00000000fb000000, 0x0000000100000000)
   the space 5504K,  92% used [0x00000000faaa0000, 0x00000000faf98de0, 0x00000000faf98e00, 0x00000000fb000000)
 Metaspace       used 9044K, capacity 9419K, committed 9600K, reserved 1058816K
  class space    used 907K, capacity 1092K, committed 1152K, reserved 1048576K
}
Event: 425.590 GC heap after
{Heap after GC invocations=19 (full 0):
 def new generation   total 2432K, used 42K [0x00000000f8000000, 0x00000000f82a0000, 0x00000000faaa0000)
  eden space 2176K,   0% used [0x00000000f8000000, 0x00000000f8000000, 0x00000000f8220000)
  from space 256K,  16% used [0x00000000f8260000, 0x00000000f826abf8, 0x00000000f82a0000)
  to   space 256K,   0% used [0x00000000f8220000, 0x00000000f8220000, 0x00000000f8260000)
 tenured generation   total 5504K, used 5091K [0x00000000faaa0000, 0x00000000fb000000, 0x0000000100000000)
   the space 5504K,  92% used [0x00000000faaa0000, 0x00000000faf98de0, 0x00000000faf98e00, 0x00000000fb000000)
 Metaspace       used 9044K, capacity 9419K, committed 9600K, reserved 1058816K
  class space    used 907K, capacity 1092K, committed 1152K, reserved 1048576K
}

